This file contains any messages produced by compilers while
running configure, to aid debugging if configure makes a mistake.

It was created by gifsicle configure 1.88, which was
generated by GNU Autoconf 2.69.  Invocation command line was

  $ ./configure --disable-gifview --disable-gifdiff configure.ac Makefile.am

## --------- ##
## Platform. ##
## --------- ##

hostname = localhost.localdomain
uname -m = x86_64
uname -r = 3.10.0-123.el7.x86_64
uname -s = Linux
uname -v = #1 SMP Mon Jun 30 12:09:22 UTC 2014

/usr/bin/uname -p = x86_64
/bin/uname -X     = unknown

/bin/arch              = x86_64
/usr/bin/arch -k       = unknown
/usr/convex/getsysinfo = unknown
/usr/bin/hostinfo      = unknown
/bin/machine           = unknown
/usr/bin/oslevel       = unknown
/bin/universe          = unknown

PATH: /usr/local/bin
PATH: /usr/bin
PATH: /usr/local/sbin
PATH: /usr/sbin
PATH: /home/jhagan/.local/bin
PATH: /home/jhagan/bin


## ----------- ##
## Core tests. ##
## ----------- ##

configure:2458: checking for a BSD-compatible install
configure:2526: result: /usr/bin/install -c
configure:2537: checking whether build environment is sane
configure:2592: result: yes
configure:2743: checking for a thread-safe mkdir -p
configure:2782: result: /usr/bin/mkdir -p
configure:2789: checking for gawk
configure:2805: found /usr/bin/gawk
configure:2816: result: gawk
configure:2827: checking whether make sets $(MAKE)
configure:2849: result: yes
configure:2878: checking whether make supports nested variables
configure:2895: result: yes
configure:2980: checking whether make sets $(MAKE)
configure:3002: result: yes
configure:3019: checking for configure.ac-gcc
configure:3049: result: no
configure:3059: checking for gcc
configure:3075: found /usr/bin/gcc
configure:3086: result: gcc
configure:3315: checking for C compiler version
configure:3324: gcc --version >&5
gcc (GCC) 4.8.5 20150623 (Red Hat 4.8.5-4)
Copyright (C) 2015 Free Software Foundation, Inc.
This is free software; see the source for copying conditions.  There is NO
warranty; not even for MERCHANTABILITY or FITNESS FOR A PARTICULAR PURPOSE.

configure:3335: $? = 0
configure:3324: gcc -v >&5
Using built-in specs.
COLLECT_GCC=gcc
COLLECT_LTO_WRAPPER=/usr/libexec/gcc/x86_64-redhat-linux/4.8.5/lto-wrapper
Target: x86_64-redhat-linux
Configured with: ../configure --prefix=/usr --mandir=/usr/share/man --infodir=/usr/share/info --with-bugurl=http://bugzilla.redhat.com/bugzilla --enable-bootstrap --enable-shared --enable-threads=posix --enable-checking=release --with-system-zlib --enable-__cxa_atexit --disable-libunwind-exceptions --enable-gnu-unique-object --enable-linker-build-id --with-linker-hash-style=gnu --enable-languages=c,c++,objc,obj-c++,java,fortran,ada,go,lto --enable-plugin --enable-initfini-array --disable-libgcj --with-isl=/builddir/build/BUILD/gcc-4.8.5-20150702/obj-x86_64-redhat-linux/isl-install --with-cloog=/builddir/build/BUILD/gcc-4.8.5-20150702/obj-x86_64-redhat-linux/cloog-install --enable-gnu-indirect-function --with-tune=generic --with-arch_32=x86-64 --build=x86_64-redhat-linux
Thread model: posix
gcc version 4.8.5 20150623 (Red Hat 4.8.5-4) (GCC) 
configure:3335: $? = 0
configure:3324: gcc -V >&5
gcc: error: unrecognized command line option '-V'
gcc: fatal error: no input files
compilation terminated.
configure:3335: $? = 4
configure:3324: gcc -qversion >&5
gcc: error: unrecognized command line option '-qversion'
gcc: fatal error: no input files
compilation terminated.
configure:3335: $? = 4
configure:3355: checking whether the C compiler works
configure:3377: gcc    conftest.c  >&5
configure:3381: $? = 0
configure:3429: result: yes
configure:3432: checking for C compiler default output file name
configure:3434: result: a.out
configure:3440: checking for suffix of executables
configure:3447: gcc -o conftest    conftest.c  >&5
configure:3451: $? = 0
configure:3473: result: 
configure:3495: checking whether we are cross compiling
configure:3503: gcc -o conftest    conftest.c  >&5
configure:3507: $? = 0
configure:3514: ./conftest
configure:3518: $? = 0
configure:3533: result: no
configure:3538: checking for suffix of object files
configure:3560: gcc -c   conftest.c >&5
configure:3564: $? = 0
configure:3585: result: o
configure:3589: checking whether we are using the GNU C compiler
configure:3608: gcc -c   conftest.c >&5
configure:3608: $? = 0
configure:3617: result: yes
configure:3626: checking whether gcc accepts -g
configure:3646: gcc -c -g  conftest.c >&5
configure:3646: $? = 0
configure:3687: result: yes
configure:3704: checking for gcc option to accept ISO C89
configure:3767: gcc  -c -g -O2  conftest.c >&5
configure:3767: $? = 0
configure:3780: result: none needed
configure:3811: checking for style of include used by make
configure:3839: result: GNU
configure:3865: checking dependency style of gcc
configure:3976: result: gcc3
configure:3996: checking how to run the C preprocessor
configure:4027: gcc -E  conftest.c
configure:4027: $? = 0
configure:4041: gcc -E  conftest.c
conftest.c:11:28: fatal error: ac_nonexistent.h: No such file or directory
 #include <ac_nonexistent.h>
                            ^
compilation terminated.
configure:4041: $? = 1
configure: failed program was:
| /* confdefs.h */
| #define PACKAGE_NAME "gifsicle"
| #define PACKAGE_TARNAME "gifsicle"
| #define PACKAGE_VERSION "1.88"
| #define PACKAGE_STRING "gifsicle 1.88"
| #define PACKAGE_BUGREPORT ""
| #define PACKAGE_URL ""
| #define PACKAGE "gifsicle"
| #define VERSION "1.88"
| /* end confdefs.h.  */
| #include <ac_nonexistent.h>
configure:4066: result: gcc -E
configure:4086: gcc -E  conftest.c
configure:4086: $? = 0
configure:4100: gcc -E  conftest.c
conftest.c:11:28: fatal error: ac_nonexistent.h: No such file or directory
 #include <ac_nonexistent.h>
                            ^
compilation terminated.
configure:4100: $? = 1
configure: failed program was:
| /* confdefs.h */
| #define PACKAGE_NAME "gifsicle"
| #define PACKAGE_TARNAME "gifsicle"
| #define PACKAGE_VERSION "1.88"
| #define PACKAGE_STRING "gifsicle 1.88"
| #define PACKAGE_BUGREPORT ""
| #define PACKAGE_URL ""
| #define PACKAGE "gifsicle"
| #define VERSION "1.88"
| /* end confdefs.h.  */
| #include <ac_nonexistent.h>
configure:4129: checking for an ANSI C-conforming const
configure:4195: gcc -c -g -O2  conftest.c >&5
configure:4195: $? = 0
configure:4202: result: yes
configure:4210: checking for inline
configure:4226: gcc -c -g -O2  conftest.c >&5
configure:4226: $? = 0
configure:4234: result: inline
configure:5358: checking for random
configure:5358: gcc -o conftest -g -O2   conftest.c  >&5
configure:5358: $? = 0
configure:5358: result: yes
configure:5371: checking for strerror
configure:5371: gcc -o conftest -g -O2   conftest.c  >&5
configure:5371: $? = 0
configure:5371: result: yes
configure:5388: checking for strtoul
configure:5388: gcc -o conftest -g -O2   conftest.c  >&5
configure:5388: $? = 0
configure:5388: result: yes
configure:5388: checking for mkstemp
configure:5388: gcc -o conftest -g -O2   conftest.c  >&5
configure:5388: $? = 0
configure:5388: result: yes
configure:5397: checking for library containing pow
configure:5428: gcc -o conftest -g -O2   conftest.c  >&5
conftest.c:23:6: warning: conflicting types for built-in function 'pow' [enabled by default]
 char pow ();
      ^
/tmp/ccASHy09.o: In function `main':
/home/jhagan/code/giflossy-git/giflossy/conftest.c:27: undefined reference to `pow'
collect2: error: ld returned 1 exit status
configure:5428: $? = 1
configure: failed program was:
| /* confdefs.h */
| #define PACKAGE_NAME "gifsicle"
| #define PACKAGE_TARNAME "gifsicle"
| #define PACKAGE_VERSION "1.88"
| #define PACKAGE_STRING "gifsicle 1.88"
| #define PACKAGE_BUGREPORT ""
| #define PACKAGE_URL ""
| #define PACKAGE "gifsicle"
| #define VERSION "1.88"
| #define X_DISPLAY_MISSING 1
| #define RANDOM random
| #define HAVE_STRERROR 1
| #define HAVE_STRTOUL 1
| #define HAVE_MKSTEMP 1
| /* end confdefs.h.  */
| 
| /* Override any GCC internal prototype to avoid an error.
|    Use char because int might match the return type of a GCC
|    builtin and then its argument prototype would still apply.  */
| #ifdef __cplusplus
| extern "C"
| #endif
| char pow ();
| int
| main ()
| {
| return pow ();
|   ;
|   return 0;
| }
configure:5428: gcc -o conftest -g -O2   conftest.c -lm   >&5
conftest.c:23:6: warning: conflicting types for built-in function 'pow' [enabled by default]
 char pow ();
      ^
configure:5428: $? = 0
configure:5445: result: -lm
configure:5459: checking sys/select.h usability
configure:5459: gcc -c -g -O2  conftest.c >&5
configure:5459: $? = 0
configure:5459: result: yes
configure:5459: checking sys/select.h presence
configure:5459: gcc -E  conftest.c
configure:5459: $? = 0
configure:5459: result: yes
configure:5459: checking for sys/select.h
configure:5459: result: yes
configure:5459: checking sys/stat.h usability
configure:5459: gcc -c -g -O2  conftest.c >&5
configure:5459: $? = 0
configure:5459: result: yes
configure:5459: checking sys/stat.h presence
configure:5459: gcc -E  conftest.c
configure:5459: $? = 0
configure:5459: result: yes
configure:5459: checking for sys/stat.h
configure:5459: result: yes
configure:5459: checking inttypes.h usability
configure:5459: gcc -c -g -O2  conftest.c >&5
configure:5459: $? = 0
configure:5459: result: yes
configure:5459: checking inttypes.h presence
configure:5459: gcc -E  conftest.c
configure:5459: $? = 0
configure:5459: result: yes
configure:5459: checking for inttypes.h
configure:5459: result: yes
configure:5459: checking unistd.h usability
configure:5459: gcc -c -g -O2  conftest.c >&5
configure:5459: $? = 0
configure:5459: result: yes
configure:5459: checking unistd.h presence
configure:5459: gcc -E  conftest.c
configure:5459: $? = 0
configure:5459: result: yes
configure:5459: checking for unistd.h
configure:5459: result: yes
configure:5474: checking for inttypes.h
configure:5474: result: yes
configure:5488: checking sys/types.h usability
configure:5488: gcc -c -g -O2  conftest.c >&5
configure:5488: $? = 0
configure:5488: result: yes
configure:5488: checking sys/types.h presence
configure:5488: gcc -E  conftest.c
configure:5488: $? = 0
configure:5488: result: yes
configure:5488: checking for sys/types.h
configure:5488: result: yes
configure:5555: checking for uintptr_t
configure:5555: gcc -c -g -O2  conftest.c >&5
configure:5555: $? = 0
configure:5555: gcc -c -g -O2  conftest.c >&5
conftest.c: In function 'main':
conftest.c:34:24: error: expected expression before ')' token
 if (sizeof ((uintptr_t)))
                        ^
configure:5555: $? = 1
configure: failed program was:
| /* confdefs.h */
| #define PACKAGE_NAME "gifsicle"
| #define PACKAGE_TARNAME "gifsicle"
| #define PACKAGE_VERSION "1.88"
| #define PACKAGE_STRING "gifsicle 1.88"
| #define PACKAGE_BUGREPORT ""
| #define PACKAGE_URL ""
| #define PACKAGE "gifsicle"
| #define VERSION "1.88"
| #define X_DISPLAY_MISSING 1
| #define RANDOM random
| #define HAVE_STRERROR 1
| #define HAVE_STRTOUL 1
| #define HAVE_MKSTEMP 1
| #define HAVE_POW 1
| #define HAVE_SYS_SELECT_H 1
| #define HAVE_SYS_STAT_H 1
| #define HAVE_INTTYPES_H 1
| #define HAVE_UNISTD_H 1
| #define HAVE_INTTYPES_H 1
| #define HAVE_SYS_TYPES_H 1
| /* end confdefs.h.  */
| #if HAVE_INTTYPES_H
| # include <inttypes.h>
| #endif
| #if HAVE_SYS_TYPES_H
| # include <sys/types.h>
| #endif
| 
| 
| int
| main ()
| {
| if (sizeof ((uintptr_t)))
| 	    return 0;
|   ;
|   return 0;
| }
configure:5555: result: yes
configure:5571: checking for int64_t
configure:5571: gcc -c -g -O2  conftest.c >&5
configure:5571: $? = 0
configure:5571: gcc -c -g -O2  conftest.c >&5
conftest.c: In function 'main':
conftest.c:35:22: error: expected expression before ')' token
 if (sizeof ((int64_t)))
                      ^
configure:5571: $? = 1
configure: failed program was:
| /* confdefs.h */
| #define PACKAGE_NAME "gifsicle"
| #define PACKAGE_TARNAME "gifsicle"
| #define PACKAGE_VERSION "1.88"
| #define PACKAGE_STRING "gifsicle 1.88"
| #define PACKAGE_BUGREPORT ""
| #define PACKAGE_URL ""
| #define PACKAGE "gifsicle"
| #define VERSION "1.88"
| #define X_DISPLAY_MISSING 1
| #define RANDOM random
| #define HAVE_STRERROR 1
| #define HAVE_STRTOUL 1
| #define HAVE_MKSTEMP 1
| #define HAVE_POW 1
| #define HAVE_SYS_SELECT_H 1
| #define HAVE_SYS_STAT_H 1
| #define HAVE_INTTYPES_H 1
| #define HAVE_UNISTD_H 1
| #define HAVE_INTTYPES_H 1
| #define HAVE_SYS_TYPES_H 1
| #define HAVE_UINTPTR_T 1
| /* end confdefs.h.  */
| #if HAVE_INTTYPES_H
| # include <inttypes.h>
| #endif
| #if HAVE_SYS_TYPES_H
| # include <sys/types.h>
| #endif
| 
| 
| int
| main ()
| {
| if (sizeof ((int64_t)))
| 	    return 0;
|   ;
|   return 0;
| }
configure:5571: result: yes
configure:5587: checking for uint64_t
configure:5587: gcc -c -g -O2  conftest.c >&5
configure:5587: $? = 0
configure:5587: gcc -c -g -O2  conftest.c >&5
conftest.c: In function 'main':
conftest.c:36:23: error: expected expression before ')' token
 if (sizeof ((uint64_t)))
                       ^
configure:5587: $? = 1
configure: failed program was:
| /* confdefs.h */
| #define PACKAGE_NAME "gifsicle"
| #define PACKAGE_TARNAME "gifsicle"
| #define PACKAGE_VERSION "1.88"
| #define PACKAGE_STRING "gifsicle 1.88"
| #define PACKAGE_BUGREPORT ""
| #define PACKAGE_URL ""
| #define PACKAGE "gifsicle"
| #define VERSION "1.88"
| #define X_DISPLAY_MISSING 1
| #define RANDOM random
| #define HAVE_STRERROR 1
| #define HAVE_STRTOUL 1
| #define HAVE_MKSTEMP 1
| #define HAVE_POW 1
| #define HAVE_SYS_SELECT_H 1
| #define HAVE_SYS_STAT_H 1
| #define HAVE_INTTYPES_H 1
| #define HAVE_UNISTD_H 1
| #define HAVE_INTTYPES_H 1
| #define HAVE_SYS_TYPES_H 1
| #define HAVE_UINTPTR_T 1
| #define HAVE_INT64_T 1
| /* end confdefs.h.  */
| #if HAVE_INTTYPES_H
| # include <inttypes.h>
| #endif
| #if HAVE_SYS_TYPES_H
| # include <sys/types.h>
| #endif
| 
| 
| int
| main ()
| {
| if (sizeof ((uint64_t)))
| 	    return 0;
|   ;
|   return 0;
| }
configure:5587: result: yes
configure:5609: checking size of float
configure:5614: gcc -o conftest -g -O2   conftest.c -lm  >&5
configure:5614: $? = 0
configure:5614: ./conftest
configure:5614: $? = 0
configure:5628: result: 4
configure:5642: checking size of unsigned int
configure:5647: gcc -o conftest -g -O2   conftest.c -lm  >&5
configure:5647: $? = 0
configure:5647: ./conftest
configure:5647: $? = 0
configure:5661: result: 4
configure:5675: checking size of unsigned long
configure:5680: gcc -o conftest -g -O2   conftest.c -lm  >&5
configure:5680: $? = 0
configure:5680: ./conftest
configure:5680: $? = 0
configure:5694: result: 8
configure:5708: checking size of void *
configure:5713: gcc -o conftest -g -O2   conftest.c -lm  >&5
configure:5713: $? = 0
configure:5713: ./conftest
configure:5713: $? = 0
configure:5727: result: 8
configure:5740: checking for usable vector_size vector types
configure:5757: gcc -c -g -O2  conftest.c >&5
configure:5757: $? = 0
configure:5766: result: yes
configure:5769: checking for usable ext_vector_type vector types
configure:5786: gcc -c -g -O2  conftest.c >&5
conftest.c:64:5: warning: 'ext_vector_type' attribute directive ignored [-Wattributes]
     typedef float float4 __attribute__((ext_vector_type (4)));
     ^
conftest.c: In function 'main':
conftest.c:69:6: error: subscripted value is neither array nor pointer nor vector
     a[0] = a[1] = a[2] = a[3] = (float) rand();
      ^
conftest.c:69:13: error: subscripted value is neither array nor pointer nor vector
     a[0] = a[1] = a[2] = a[3] = (float) rand();
             ^
conftest.c:69:20: error: subscripted value is neither array nor pointer nor vector
     a[0] = a[1] = a[2] = a[3] = (float) rand();
                    ^
conftest.c:69:27: error: subscripted value is neither array nor pointer nor vector
     a[0] = a[1] = a[2] = a[3] = (float) rand();
                           ^
conftest.c:71:21: error: subscripted value is neither array nor pointer nor vector
     printf("%f\n", a[0]);
                     ^
configure:5786: $? = 1
configure: failed program was:
| /* confdefs.h */
| #define PACKAGE_NAME "gifsicle"
| #define PACKAGE_TARNAME "gifsicle"
| #define PACKAGE_VERSION "1.88"
| #define PACKAGE_STRING "gifsicle 1.88"
| #define PACKAGE_BUGREPORT ""
| #define PACKAGE_URL ""
| #define PACKAGE "gifsicle"
| #define VERSION "1.88"
| #define X_DISPLAY_MISSING 1
| #define RANDOM random
| #define HAVE_STRERROR 1
| #define HAVE_STRTOUL 1
| #define HAVE_MKSTEMP 1
| #define HAVE_POW 1
| #define HAVE_SYS_SELECT_H 1
| #define HAVE_SYS_STAT_H 1
| #define HAVE_INTTYPES_H 1
| #define HAVE_UNISTD_H 1
| #define HAVE_INTTYPES_H 1
| #define HAVE_SYS_TYPES_H 1
| #define HAVE_UINTPTR_T 1
| #define HAVE_INT64_T 1
| #define HAVE_UINT64_T 1
| #define SIZEOF_FLOAT 4
| #define SIZEOF_UNSIGNED_INT 4
| #define SIZEOF_UNSIGNED_LONG 8
| #define SIZEOF_VOID_P 8
| #define HAVE_VECTOR_SIZE_VECTOR_TYPES 1
| /* end confdefs.h.  */
| #include <stdio.h>
| #ifdef HAVE_SYS_TYPES_H
| # include <sys/types.h>
| #endif
| #ifdef HAVE_SYS_STAT_H
| # include <sys/stat.h>
| #endif
| #ifdef STDC_HEADERS
| # include <stdlib.h>
| # include <stddef.h>
| #else
| # ifdef HAVE_STDLIB_H
| #  include <stdlib.h>
| # endif
| #endif
| #ifdef HAVE_STRING_H
| # if !defined STDC_HEADERS && defined HAVE_MEMORY_H
| #  include <memory.h>
| # endif
| # include <string.h>
| #endif
| #ifdef HAVE_STRINGS_H
| # include <strings.h>
| #endif
| #ifdef HAVE_INTTYPES_H
| # include <inttypes.h>
| #endif
| #ifdef HAVE_STDINT_H
| # include <stdint.h>
| #endif
| #ifdef HAVE_UNISTD_H
| # include <unistd.h>
| #endif
|     typedef float float4 __attribute__((ext_vector_type (4)));
| int
| main ()
| {
| float4 a;
|     a[0] = a[1] = a[2] = a[3] = (float) rand();
|     a *= (float) 3;
|     printf("%f\n", a[0]);
|   ;
|   return 0;
| }
configure:5795: result: no
configure:5829: checking for library containing pthread_create
configure:5860: gcc -o conftest -g -O2   conftest.c -lm  >&5
/tmp/ccWCzKNV.o: In function `main':
/home/jhagan/code/giflossy-git/giflossy/conftest.c:43: undefined reference to `pthread_create'
collect2: error: ld returned 1 exit status
configure:5860: $? = 1
configure: failed program was:
| /* confdefs.h */
| #define PACKAGE_NAME "gifsicle"
| #define PACKAGE_TARNAME "gifsicle"
| #define PACKAGE_VERSION "1.88"
| #define PACKAGE_STRING "gifsicle 1.88"
| #define PACKAGE_BUGREPORT ""
| #define PACKAGE_URL ""
| #define PACKAGE "gifsicle"
| #define VERSION "1.88"
| #define X_DISPLAY_MISSING 1
| #define RANDOM random
| #define HAVE_STRERROR 1
| #define HAVE_STRTOUL 1
| #define HAVE_MKSTEMP 1
| #define HAVE_POW 1
| #define HAVE_SYS_SELECT_H 1
| #define HAVE_SYS_STAT_H 1
| #define HAVE_INTTYPES_H 1
| #define HAVE_UNISTD_H 1
| #define HAVE_INTTYPES_H 1
| #define HAVE_SYS_TYPES_H 1
| #define HAVE_UINTPTR_T 1
| #define HAVE_INT64_T 1
| #define HAVE_UINT64_T 1
| #define SIZEOF_FLOAT 4
| #define SIZEOF_UNSIGNED_INT 4
| #define SIZEOF_UNSIGNED_LONG 8
| #define SIZEOF_VOID_P 8
| #define HAVE_VECTOR_SIZE_VECTOR_TYPES 1
| #define HAVE_SIMD 1
| /* end confdefs.h.  */
| 
| /* Override any GCC internal prototype to avoid an error.
|    Use char because int might match the return type of a GCC
|    builtin and then its argument prototype would still apply.  */
| #ifdef __cplusplus
| extern "C"
| #endif
| char pthread_create ();
| int
| main ()
| {
| return pthread_create ();
|   ;
|   return 0;
| }
configure:5860: gcc -o conftest -g -O2   conftest.c -lpthread  -lm  >&5
configure:5860: $? = 0
configure:5877: result: -lpthread
configure:5887: checking for __sync_add_and_fetch
configure:5901: gcc -c -g -O2  conftest.c >&5
configure:5901: $? = 0
configure:5910: result: yes
configure:6061: checking that generated files are newer than configure
configure:6067: result: done
configure:6090: creating ./config.status

## ---------------------- ##
## Running config.status. ##
## ---------------------- ##

This file was extended by gifsicle config.status 1.88, which was
generated by GNU Autoconf 2.69.  Invocation command line was

  CONFIG_FILES    = 
  CONFIG_HEADERS  = 
  CONFIG_LINKS    = 
  CONFIG_COMMANDS = 
  $ ./config.status 

on localhost.localdomain

config.status:876: creating Makefile
config.status:876: creating src/Makefile
config.status:876: creating config.h
config.status:1105: executing depfiles commands

## ---------------- ##
## Cache variables. ##
## ---------------- ##

ac_cv_c_compiler_gnu=yes
ac_cv_c_const=yes
ac_cv_c_inline=inline
ac_cv_env_CC_set=
ac_cv_env_CC_value=
ac_cv_env_CFLAGS_set=
ac_cv_env_CFLAGS_value=
ac_cv_env_CPPFLAGS_set=
ac_cv_env_CPPFLAGS_value=
ac_cv_env_CPP_set=
ac_cv_env_CPP_value=
ac_cv_env_LDFLAGS_set=
ac_cv_env_LDFLAGS_value=
ac_cv_env_LIBS_set=
ac_cv_env_LIBS_value=
ac_cv_env_XMKMF_set=
ac_cv_env_XMKMF_value=
ac_cv_env_build_alias_set=set
ac_cv_env_build_alias_value=configure.ac
ac_cv_env_host_alias_set=set
ac_cv_env_host_alias_value=configure.ac
ac_cv_env_target_alias_set=set
ac_cv_env_target_alias_value=configure.ac
ac_cv_ext_vector_type_vector_types=no
ac_cv_func_mkstemp=yes
ac_cv_func_random=yes
ac_cv_func_strerror=yes
ac_cv_func_strtoul=yes
ac_cv_header_inttypes_h=yes
ac_cv_header_sys_select_h=yes
ac_cv_header_sys_stat_h=yes
ac_cv_header_sys_types_h=yes
ac_cv_header_unistd_h=yes
ac_cv_objext=o
ac_cv_path_install='/usr/bin/install -c'
ac_cv_path_mkdir=/usr/bin/mkdir
ac_cv_prog_AWK=gawk
ac_cv_prog_CPP='gcc -E'
ac_cv_prog_ac_ct_CC=gcc
ac_cv_prog_cc_c89=
ac_cv_prog_cc_g=yes
ac_cv_prog_make_make_set=yes
ac_cv_search_pow=-lm
ac_cv_search_pthread_create=-lpthread
ac_cv_sizeof_float=4
ac_cv_sizeof_unsigned_int=4
ac_cv_sizeof_unsigned_long=8
ac_cv_sizeof_void_p=8
ac_cv_type_int64_t=yes
ac_cv_type_uint64_t=yes
ac_cv_type_uintptr_t=yes
ac_cv_vector_size_vector_types=yes
am_cv_CC_dependencies_compiler_type=gcc3
am_cv_make_support_nested_variables=yes

## ----------------- ##
## Output variables. ##
## ----------------- ##

ACLOCAL='${SHELL} /home/jhagan/code/giflossy-git/giflossy/missing aclocal-1.13'
AMDEPBACKSLASH='\'
AMDEP_FALSE='#'
AMDEP_TRUE=''
AMTAR='$${TAR-tar}'
AM_BACKSLASH='\'
AM_DEFAULT_V='$(AM_DEFAULT_VERBOSITY)'
AM_DEFAULT_VERBOSITY='1'
AM_V='$(V)'
AUTOCONF='${SHELL} /home/jhagan/code/giflossy-git/giflossy/missing autoconf'
AUTOHEADER='${SHELL} /home/jhagan/code/giflossy-git/giflossy/missing autoheader'
AUTOMAKE='${SHELL} /home/jhagan/code/giflossy-git/giflossy/missing automake-1.13'
AWK='gawk'
CC='gcc'
CCDEPMODE='depmode=gcc3'
CFLAGS='-g -O2'
CPP='gcc -E'
CPPFLAGS=''
CYGPATH_W='echo'
DEFS='-DHAVE_CONFIG_H'
DEPDIR='.deps'
ECHO_C=''
ECHO_N='-n'
ECHO_T=''
EGREP=''
EXEEXT=''
GIFWRITE_O='gifwrite.o'
GREP=''
INSTALL_DATA='${INSTALL} -m 644'
INSTALL_PROGRAM='${INSTALL}'
INSTALL_SCRIPT='${INSTALL}'
INSTALL_STRIP_PROGRAM='$(install_sh) -c -s'
LDFLAGS=''
LIBOBJS=''
LIBS='-lpthread -lm '
LTLIBOBJS=''
MAKEINFO='${SHELL} /home/jhagan/code/giflossy-git/giflossy/missing makeinfo'
MKDIR_P='/usr/bin/mkdir -p'
OBJEXT='o'
OTHERMANS=''
OTHERPROGRAMS=''
PACKAGE='gifsicle'
PACKAGE_BUGREPORT=''
PACKAGE_NAME='gifsicle'
PACKAGE_STRING='gifsicle 1.88'
PACKAGE_TARNAME='gifsicle'
PACKAGE_URL=''
PACKAGE_VERSION='1.88'
PATH_SEPARATOR=':'
SET_MAKE=''
SHELL='/bin/sh'
STRIP=''
VERSION='1.88'
WERROR=''
XMKMF=''
X_CFLAGS=''
X_EXTRA_LIBS=''
X_LIBS=''
X_PRE_LIBS=''
ac_ct_CC='gcc'
am__EXEEXT_FALSE=''
am__EXEEXT_TRUE='#'
am__fastdepCC_FALSE='#'
am__fastdepCC_TRUE=''
am__include='include'
am__isrc=''
am__leading_dot='.'
am__nodep='_no'
am__quote=''
am__tar='$${TAR-tar} chof - "$$tardir"'
am__untar='$${TAR-tar} xf -'
bindir='${exec_prefix}/bin'
build_alias='configure.ac'
datadir='${datarootdir}'
datarootdir='${prefix}/share'
docdir='${datarootdir}/doc/${PACKAGE_TARNAME}'
dvidir='${docdir}'
exec_prefix='${prefix}'
host_alias='configure.ac'
htmldir='${docdir}'
includedir='${prefix}/include'
infodir='${datarootdir}/info'
install_sh='${SHELL} /home/jhagan/code/giflossy-git/giflossy/install-sh'
libdir='${exec_prefix}/lib'
libexecdir='${exec_prefix}/libexec'
localedir='${datarootdir}/locale'
localstatedir='${prefix}/var'
mandir='${datarootdir}/man'
mkdir_p='$(MKDIR_P)'
oldincludedir='/usr/include'
pdfdir='${docdir}'
prefix='/usr/local'
program_transform_name='s,x,x,'
psdir='${docdir}'
sbindir='${exec_prefix}/sbin'
sharedstatedir='${prefix}/com'
sysconfdir='${prefix}/etc'
target_alias='configure.ac'

## ----------- ##
## confdefs.h. ##
## ----------- ##

/* confdefs.h */
#define PACKAGE_NAME "gifsicle"
#define PACKAGE_TARNAME "gifsicle"
#define PACKAGE_VERSION "1.88"
#define PACKAGE_STRING "gifsicle 1.88"
#define PACKAGE_BUGREPORT ""
#define PACKAGE_URL ""
#define PACKAGE "gifsicle"
#define VERSION "1.88"
#define X_DISPLAY_MISSING 1
#define RANDOM random
#define HAVE_STRERROR 1
#define HAVE_STRTOUL 1
#define HAVE_MKSTEMP 1
#define HAVE_POW 1
#define HAVE_SYS_SELECT_H 1
#define HAVE_SYS_STAT_H 1
#define HAVE_INTTYPES_H 1
#define HAVE_UNISTD_H 1
#define HAVE_INTTYPES_H 1
#define HAVE_SYS_TYPES_H 1
#define HAVE_UINTPTR_T 1
#define HAVE_INT64_T 1
#define HAVE_UINT64_T 1
#define SIZEOF_FLOAT 4
#define SIZEOF_UNSIGNED_INT 4
#define SIZEOF_UNSIGNED_LONG 8
#define SIZEOF_VOID_P 8
#define HAVE_VECTOR_SIZE_VECTOR_TYPES 1
#define HAVE_SIMD 1
#define HAVE___SYNC_ADD_AND_FETCH 1
#define ENABLE_THREADS 1
#define PATHNAME_SEPARATOR '/'

configure: exit 0
